Traceback (most recent call last):
  File "/Library/Frameworks/Python.framework/Versions/3.12/lib/python3.12/site-packages/jupyter_cache/executors/utils.py", line 58, in single_nb_execution
    executenb(
  File "/Library/Frameworks/Python.framework/Versions/3.12/lib/python3.12/site-packages/nbclient/client.py", line 1305, in execute
    return NotebookClient(nb=nb, resources=resources, km=km, **kwargs).execute()
           ^^^^^^^^^^^^^^^^^^^^^^^^^^^^^^^^^^^^^^^^^^^^^^^^^^^^^^^^^^^^^^^^^^^^^
  File "/Library/Frameworks/Python.framework/Versions/3.12/lib/python3.12/site-packages/jupyter_core/utils/__init__.py", line 173, in wrapped
    return loop.run_until_complete(inner)
           ^^^^^^^^^^^^^^^^^^^^^^^^^^^^^^
  File "/Library/Frameworks/Python.framework/Versions/3.12/lib/python3.12/asyncio/base_events.py", line 664, in run_until_complete
    return future.result()
           ^^^^^^^^^^^^^^^
  File "/Library/Frameworks/Python.framework/Versions/3.12/lib/python3.12/site-packages/nbclient/client.py", line 705, in async_execute
    await self.async_execute_cell(
  File "/Library/Frameworks/Python.framework/Versions/3.12/lib/python3.12/site-packages/nbclient/client.py", line 1058, in async_execute_cell
    await self._check_raise_for_error(cell, cell_index, exec_reply)
  File "/Library/Frameworks/Python.framework/Versions/3.12/lib/python3.12/site-packages/nbclient/client.py", line 914, in _check_raise_for_error
    raise CellExecutionError.from_cell_and_msg(cell, exec_reply_content)
nbclient.exceptions.CellExecutionError: An error occurred while executing the following cell:
------------------
sns.set_theme(style="whitegrid", palette="pastel")
sns.lineplot(data = obs_df,x = obs_df.index,  y = 'value')
plt.title('Unemployment Rate: 1948 - 2025', loc = 'left');
------------------


[0;31m------------------------------------------------------------[0m
[0;31mTypeError[0m                  Traceback (most recent call last)
Cell [0;32mIn[26], line 2[0m
[1;32m      1[0m sns[38;5;241m.[39mset_theme(style[38;5;241m=[39m[38;5;124m"[39m[38;5;124mwhitegrid[39m[38;5;124m"[39m, palette[38;5;241m=[39m[38;5;124m"[39m[38;5;124mpastel[39m[38;5;124m"[39m)
[0;32m----> 2[0m [43msns[49m[38;5;241;43m.[39;49m[43mlineplot[49m[43m([49m[43mdata[49m[43m [49m[38;5;241;43m=[39;49m[43m [49m[43mobs_df[49m[43m,[49m[43mx[49m[43m [49m[38;5;241;43m=[39;49m[43m [49m[43mobs_df[49m[38;5;241;43m.[39;49m[43mindex[49m[43m,[49m[43m  [49m[43my[49m[43m [49m[38;5;241;43m=[39;49m[43m [49m[38;5;124;43m'[39;49m[38;5;124;43mvalue[39;49m[38;5;124;43m'[39;49m[43m)[49m
[1;32m      3[0m plt[38;5;241m.[39mtitle([38;5;124m'[39m[38;5;124mUnemployment Rate: 1948 - 2025[39m[38;5;124m'[39m, loc [38;5;241m=[39m [38;5;124m'[39m[38;5;124mleft[39m[38;5;124m'[39m);

File [0;32m/Library/Frameworks/Python.framework/Versions/3.12/lib/python3.12/site-packages/seaborn/relational.py:485[0m, in [0;36mlineplot[0;34m(data, x, y, hue, size, style, units, weights, palette, hue_order, hue_norm, sizes, size_order, size_norm, dashes, markers, style_order, estimator, errorbar, n_boot, seed, orient, sort, err_style, err_kws, legend, ci, ax, **kwargs)[0m
[1;32m    471[0m [38;5;28;01mdef[39;00m [38;5;21mlineplot[39m(
[1;32m    472[0m     data[38;5;241m=[39m[38;5;28;01mNone[39;00m, [38;5;241m*[39m,
[1;32m    473[0m     x[38;5;241m=[39m[38;5;28;01mNone[39;00m, y[38;5;241m=[39m[38;5;28;01mNone[39;00m, hue[38;5;241m=[39m[38;5;28;01mNone[39;00m, size[38;5;241m=[39m[38;5;28;01mNone[39;00m, style[38;5;241m=[39m[38;5;28;01mNone[39;00m, units[38;5;241m=[39m[38;5;28;01mNone[39;00m, weights[38;5;241m=[39m[38;5;28;01mNone[39;00m,
[0;32m   (...)[0m
[1;32m    481[0m 
[1;32m    482[0m     [38;5;66;03m# Handle deprecation of ci parameter[39;00m
[1;32m    483[0m     errorbar [38;5;241m=[39m _deprecate_ci(errorbar, ci)
[0;32m--> 485[0m     p [38;5;241m=[39m [43m_LinePlotter[49m[43m([49m
[1;32m    486[0m [43m        [49m[43mdata[49m[38;5;241;43m=[39;49m[43mdata[49m[43m,[49m
[1;32m    487[0m [43m        [49m[43mvariables[49m[38;5;241;43m=[39;49m[38;5;28;43mdict[39;49m[43m([49m
[1;32m    488[0m [43m            [49m[43mx[49m[38;5;241;43m=[39;49m[43mx[49m[43m,[49m[43m [49m[43my[49m[38;5;241;43m=[39;49m[43my[49m[43m,[49m[43m [49m[43mhue[49m[38;5;241;43m=[39;49m[43mhue[49m[43m,[49m[43m [49m[43msize[49m[38;5;241;43m=[39;49m[43msize[49m[43m,[49m[43m [49m[43mstyle[49m[38;5;241;43m=[39;49m[43mstyle[49m[43m,[49m[43m [49m[43munits[49m[38;5;241;43m=[39;49m[43munits[49m[43m,[49m[43m [49m[43mweight[49m[38;5;241;43m=[39;49m[43mweights[49m
[1;32m    489[0m [43m        [49m[43m)[49m[43m,[49m
[1;32m    490[0m [43m        [49m[43mestimator[49m[38;5;241;43m=[39;49m[43mestimator[49m[43m,[49m[43m [49m[43mn_boot[49m[38;5;241;43m=[39;49m[43mn_boot[49m[43m,[49m[43m [49m[43mseed[49m[38;5;241;43m=[39;49m[43mseed[49m[43m,[49m[43m [49m[43merrorbar[49m[38;5;241;43m=[39;49m[43merrorbar[49m[43m,[49m
[1;32m    491[0m [43m        [49m[43msort[49m[38;5;241;43m=[39;49m[43msort[49m[43m,[49m[43m [49m[43morient[49m[38;5;241;43m=[39;49m[43morient[49m[43m,[49m[43m [49m[43merr_style[49m[38;5;241;43m=[39;49m[43merr_style[49m[43m,[49m[43m [49m[43merr_kws[49m[38;5;241;43m=[39;49m[43merr_kws[49m[43m,[49m
[1;32m    492[0m [43m        [49m[43mlegend[49m[38;5;241;43m=[39;49m[43mlegend[49m[43m,[49m
[1;32m    493[0m [43m    [49m[43m)[49m
[1;32m    495[0m     p[38;5;241m.[39mmap_hue(palette[38;5;241m=[39mpalette, order[38;5;241m=[39mhue_order, norm[38;5;241m=[39mhue_norm)
[1;32m    496[0m     p[38;5;241m.[39mmap_size(sizes[38;5;241m=[39msizes, order[38;5;241m=[39msize_order, norm[38;5;241m=[39msize_norm)

File [0;32m/Library/Frameworks/Python.framework/Versions/3.12/lib/python3.12/site-packages/seaborn/relational.py:216[0m, in [0;36m_LinePlotter.__init__[0;34m(self, data, variables, estimator, n_boot, seed, errorbar, sort, orient, err_style, err_kws, legend)[0m
[1;32m    202[0m [38;5;28;01mdef[39;00m [38;5;21m__init__[39m(
[1;32m    203[0m     [38;5;28mself[39m, [38;5;241m*[39m,
[1;32m    204[0m     data[38;5;241m=[39m[38;5;28;01mNone[39;00m, variables[38;5;241m=[39m{},
[0;32m   (...)[0m
[1;32m    210[0m     [38;5;66;03m# the kind of plot to draw, but for the time being we need to set[39;00m
[1;32m    211[0m     [38;5;66;03m# this information so the SizeMapping can use it[39;00m
[1;32m    212[0m     [38;5;28mself[39m[38;5;241m.[39m_default_size_range [38;5;241m=[39m (
[1;32m    213[0m         np[38;5;241m.[39mr_[[38;5;241m.5[39m, [38;5;241m2[39m] [38;5;241m*[39m mpl[38;5;241m.[39mrcParams[[38;5;124m"[39m[38;5;124mlines.linewidth[39m[38;5;124m"[39m]
[1;32m    214[0m     )
[0;32m--> 216[0m     [38;5;28;43msuper[39;49m[43m([49m[43m)[49m[38;5;241;43m.[39;49m[38;5;21;43m__init__[39;49m[43m([49m[43mdata[49m[38;5;241;43m=[39;49m[43mdata[49m[43m,[49m[43m [49m[43mvariables[49m[38;5;241;43m=[39;49m[43mvariables[49m[43m)[49m
[1;32m    218[0m     [38;5;28mself[39m[38;5;241m.[39mestimator [38;5;241m=[39m estimator
[1;32m    219[0m     [38;5;28mself[39m[38;5;241m.[39merrorbar [38;5;241m=[39m errorbar

File [0;32m/Library/Frameworks/Python.framework/Versions/3.12/lib/python3.12/site-packages/seaborn/_base.py:634[0m, in [0;36mVectorPlotter.__init__[0;34m(self, data, variables)[0m
[1;32m    629[0m [38;5;66;03m# var_ordered is relevant only for categorical axis variables, and may[39;00m
[1;32m    630[0m [38;5;66;03m# be better handled by an internal axis information object that tracks[39;00m
[1;32m    631[0m [38;5;66;03m# such information and is set up by the scale_* methods. The analogous[39;00m
[1;32m    632[0m [38;5;66;03m# information for numeric axes would be information about log scales.[39;00m
[1;32m    633[0m [38;5;28mself[39m[38;5;241m.[39m_var_ordered [38;5;241m=[39m {[38;5;124m"[39m[38;5;124mx[39m[38;5;124m"[39m: [38;5;28;01mFalse[39;00m, [38;5;124m"[39m[38;5;124my[39m[38;5;124m"[39m: [38;5;28;01mFalse[39;00m}  [38;5;66;03m# alt., used DefaultDict[39;00m
[0;32m--> 634[0m [38;5;28;43mself[39;49m[38;5;241;43m.[39;49m[43massign_variables[49m[43m([49m[43mdata[49m[43m,[49m[43m [49m[43mvariables[49m[43m)[49m
[1;32m    636[0m [38;5;66;03m# TODO Lots of tests assume that these are called to initialize the[39;00m
[1;32m    637[0m [38;5;66;03m# mappings to default values on class initialization. I'd prefer to[39;00m
[1;32m    638[0m [38;5;66;03m# move away from that and only have a mapping when explicitly called.[39;00m
[1;32m    639[0m [38;5;28;01mfor[39;00m var [38;5;129;01min[39;00m [[38;5;124m"[39m[38;5;124mhue[39m[38;5;124m"[39m, [38;5;124m"[39m[38;5;124msize[39m[38;5;124m"[39m, [38;5;124m"[39m[38;5;124mstyle[39m[38;5;124m"[39m]:

File [0;32m/Library/Frameworks/Python.framework/Versions/3.12/lib/python3.12/site-packages/seaborn/_base.py:679[0m, in [0;36mVectorPlotter.assign_variables[0;34m(self, data, variables)[0m
[1;32m    674[0m [38;5;28;01melse[39;00m:
[1;32m    675[0m     [38;5;66;03m# When dealing with long-form input, use the newer PlotData[39;00m
[1;32m    676[0m     [38;5;66;03m# object (internal but introduced for the objects interface)[39;00m
[1;32m    677[0m     [38;5;66;03m# to centralize / standardize data consumption logic.[39;00m
[1;32m    678[0m     [38;5;28mself[39m[38;5;241m.[39minput_format [38;5;241m=[39m [38;5;124m"[39m[38;5;124mlong[39m[38;5;124m"[39m
[0;32m--> 679[0m     plot_data [38;5;241m=[39m [43mPlotData[49m[43m([49m[43mdata[49m[43m,[49m[43m [49m[43mvariables[49m[43m)[49m
[1;32m    680[0m     frame [38;5;241m=[39m plot_data[38;5;241m.[39mframe
[1;32m    681[0m     names [38;5;241m=[39m plot_data[38;5;241m.[39mnames

File [0;32m/Library/Frameworks/Python.framework/Versions/3.12/lib/python3.12/site-packages/seaborn/_core/data.py:57[0m, in [0;36mPlotData.__init__[0;34m(self, data, variables)[0m
[1;32m     51[0m [38;5;28;01mdef[39;00m [38;5;21m__init__[39m(
[1;32m     52[0m     [38;5;28mself[39m,
[1;32m     53[0m     data: DataSource,
[1;32m     54[0m     variables: [38;5;28mdict[39m[[38;5;28mstr[39m, VariableSpec],
[1;32m     55[0m ):
[0;32m---> 57[0m     data [38;5;241m=[39m [43mhandle_data_source[49m[43m([49m[43mdata[49m[43m)[49m
[1;32m     58[0m     frame, names, ids [38;5;241m=[39m [38;5;28mself[39m[38;5;241m.[39m_assign_variables(data, variables)
[1;32m     60[0m     [38;5;28mself[39m[38;5;241m.[39mframe [38;5;241m=[39m frame

File [0;32m/Library/Frameworks/Python.framework/Versions/3.12/lib/python3.12/site-packages/seaborn/_core/data.py:278[0m, in [0;36mhandle_data_source[0;34m(data)[0m
[1;32m    276[0m [38;5;28;01melif[39;00m data [38;5;129;01mis[39;00m [38;5;129;01mnot[39;00m [38;5;28;01mNone[39;00m [38;5;129;01mand[39;00m [38;5;129;01mnot[39;00m [38;5;28misinstance[39m(data, Mapping):
[1;32m    277[0m     err [38;5;241m=[39m [38;5;124mf[39m[38;5;124m"[39m[38;5;124mData source must be a DataFrame or Mapping, not [39m[38;5;132;01m{[39;00m[38;5;28mtype[39m(data)[38;5;132;01m!r}[39;00m[38;5;124m.[39m[38;5;124m"[39m
[0;32m--> 278[0m     [38;5;28;01mraise[39;00m [38;5;167;01mTypeError[39;00m(err)
[1;32m    280[0m [38;5;28;01mreturn[39;00m data

[0;31mTypeError[0m: Data source must be a DataFrame or Mapping, not <class 'str'>.

