Traceback (most recent call last):
  File "/Library/Frameworks/Python.framework/Versions/3.12/lib/python3.12/site-packages/jupyter_cache/executors/utils.py", line 58, in single_nb_execution
    executenb(
  File "/Library/Frameworks/Python.framework/Versions/3.12/lib/python3.12/site-packages/nbclient/client.py", line 1305, in execute
    return NotebookClient(nb=nb, resources=resources, km=km, **kwargs).execute()
           ^^^^^^^^^^^^^^^^^^^^^^^^^^^^^^^^^^^^^^^^^^^^^^^^^^^^^^^^^^^^^^^^^^^^^
  File "/Library/Frameworks/Python.framework/Versions/3.12/lib/python3.12/site-packages/jupyter_core/utils/__init__.py", line 173, in wrapped
    return loop.run_until_complete(inner)
           ^^^^^^^^^^^^^^^^^^^^^^^^^^^^^^
  File "/Library/Frameworks/Python.framework/Versions/3.12/lib/python3.12/asyncio/base_events.py", line 664, in run_until_complete
    return future.result()
           ^^^^^^^^^^^^^^^
  File "/Library/Frameworks/Python.framework/Versions/3.12/lib/python3.12/site-packages/nbclient/client.py", line 705, in async_execute
    await self.async_execute_cell(
  File "/Library/Frameworks/Python.framework/Versions/3.12/lib/python3.12/site-packages/nbclient/client.py", line 1058, in async_execute_cell
    await self._check_raise_for_error(cell, cell_index, exec_reply)
  File "/Library/Frameworks/Python.framework/Versions/3.12/lib/python3.12/site-packages/nbclient/client.py", line 914, in _check_raise_for_error
    raise CellExecutionError.from_cell_and_msg(cell, exec_reply_content)
nbclient.exceptions.CellExecutionError: An error occurred while executing the following cell:
------------------
# to excel
df.to_excel('gdp.xlsx')
------------------


[0;31m---------------------------------------------------------------------------[0m
[0;31mModuleNotFoundError[0m                       Traceback (most recent call last)
Cell [0;32mIn[54], line 2[0m
[1;32m      1[0m [38;5;66;03m# to excel[39;00m
[0;32m----> 2[0m [43mdf[49m[38;5;241;43m.[39;49m[43mto_excel[49m[43m([49m[38;5;124;43m'[39;49m[38;5;124;43mgdp.xlsx[39;49m[38;5;124;43m'[39;49m[43m)[49m

File [0;32m/Library/Frameworks/Python.framework/Versions/3.12/lib/python3.12/site-packages/pandas/util/_decorators.py:333[0m, in [0;36mdeprecate_nonkeyword_arguments.<locals>.decorate.<locals>.wrapper[0;34m(*args, **kwargs)[0m
[1;32m    327[0m [38;5;28;01mif[39;00m [38;5;28mlen[39m(args) [38;5;241m>[39m num_allow_args:
[1;32m    328[0m     warnings[38;5;241m.[39mwarn(
[1;32m    329[0m         msg[38;5;241m.[39mformat(arguments[38;5;241m=[39m_format_argument_list(allow_args)),
[1;32m    330[0m         [38;5;167;01mFutureWarning[39;00m,
[1;32m    331[0m         stacklevel[38;5;241m=[39mfind_stack_level(),
[1;32m    332[0m     )
[0;32m--> 333[0m [38;5;28;01mreturn[39;00m [43mfunc[49m[43m([49m[38;5;241;43m*[39;49m[43margs[49m[43m,[49m[43m [49m[38;5;241;43m*[39;49m[38;5;241;43m*[39;49m[43mkwargs[49m[43m)[49m

File [0;32m/Library/Frameworks/Python.framework/Versions/3.12/lib/python3.12/site-packages/pandas/core/generic.py:2439[0m, in [0;36mNDFrame.to_excel[0;34m(self, excel_writer, sheet_name, na_rep, float_format, columns, header, index, index_label, startrow, startcol, engine, merge_cells, inf_rep, freeze_panes, storage_options, engine_kwargs)[0m
[1;32m   2426[0m [38;5;28;01mfrom[39;00m [38;5;21;01mpandas[39;00m[38;5;21;01m.[39;00m[38;5;21;01mio[39;00m[38;5;21;01m.[39;00m[38;5;21;01mformats[39;00m[38;5;21;01m.[39;00m[38;5;21;01mexcel[39;00m [38;5;28;01mimport[39;00m ExcelFormatter
[1;32m   2428[0m formatter [38;5;241m=[39m ExcelFormatter(
[1;32m   2429[0m     df,
[1;32m   2430[0m     na_rep[38;5;241m=[39mna_rep,
[0;32m   (...)[0m
[1;32m   2437[0m     inf_rep[38;5;241m=[39minf_rep,
[1;32m   2438[0m )
[0;32m-> 2439[0m [43mformatter[49m[38;5;241;43m.[39;49m[43mwrite[49m[43m([49m
[1;32m   2440[0m [43m    [49m[43mexcel_writer[49m[43m,[49m
[1;32m   2441[0m [43m    [49m[43msheet_name[49m[38;5;241;43m=[39;49m[43msheet_name[49m[43m,[49m
[1;32m   2442[0m [43m    [49m[43mstartrow[49m[38;5;241;43m=[39;49m[43mstartrow[49m[43m,[49m
[1;32m   2443[0m [43m    [49m[43mstartcol[49m[38;5;241;43m=[39;49m[43mstartcol[49m[43m,[49m
[1;32m   2444[0m [43m    [49m[43mfreeze_panes[49m[38;5;241;43m=[39;49m[43mfreeze_panes[49m[43m,[49m
[1;32m   2445[0m [43m    [49m[43mengine[49m[38;5;241;43m=[39;49m[43mengine[49m[43m,[49m
[1;32m   2446[0m [43m    [49m[43mstorage_options[49m[38;5;241;43m=[39;49m[43mstorage_options[49m[43m,[49m
[1;32m   2447[0m [43m    [49m[43mengine_kwargs[49m[38;5;241;43m=[39;49m[43mengine_kwargs[49m[43m,[49m
[1;32m   2448[0m [43m[49m[43m)[49m

File [0;32m/Library/Frameworks/Python.framework/Versions/3.12/lib/python3.12/site-packages/pandas/io/formats/excel.py:943[0m, in [0;36mExcelFormatter.write[0;34m(self, writer, sheet_name, startrow, startcol, freeze_panes, engine, storage_options, engine_kwargs)[0m
[1;32m    941[0m     need_save [38;5;241m=[39m [38;5;28;01mFalse[39;00m
[1;32m    942[0m [38;5;28;01melse[39;00m:
[0;32m--> 943[0m     writer [38;5;241m=[39m [43mExcelWriter[49m[43m([49m
[1;32m    944[0m [43m        [49m[43mwriter[49m[43m,[49m
[1;32m    945[0m [43m        [49m[43mengine[49m[38;5;241;43m=[39;49m[43mengine[49m[43m,[49m
[1;32m    946[0m [43m        [49m[43mstorage_options[49m[38;5;241;43m=[39;49m[43mstorage_options[49m[43m,[49m
[1;32m    947[0m [43m        [49m[43mengine_kwargs[49m[38;5;241;43m=[39;49m[43mengine_kwargs[49m[43m,[49m
[1;32m    948[0m [43m    [49m[43m)[49m
[1;32m    949[0m     need_save [38;5;241m=[39m [38;5;28;01mTrue[39;00m
[1;32m    951[0m [38;5;28;01mtry[39;00m:

File [0;32m/Library/Frameworks/Python.framework/Versions/3.12/lib/python3.12/site-packages/pandas/io/excel/_openpyxl.py:57[0m, in [0;36mOpenpyxlWriter.__init__[0;34m(self, path, engine, date_format, datetime_format, mode, storage_options, if_sheet_exists, engine_kwargs, **kwargs)[0m
[1;32m     44[0m [38;5;28;01mdef[39;00m [38;5;21m__init__[39m(
[1;32m     45[0m     [38;5;28mself[39m,
[1;32m     46[0m     path: FilePath [38;5;241m|[39m WriteExcelBuffer [38;5;241m|[39m ExcelWriter,
[0;32m   (...)[0m
[1;32m     55[0m ) [38;5;241m-[39m[38;5;241m>[39m [38;5;28;01mNone[39;00m:
[1;32m     56[0m     [38;5;66;03m# Use the openpyxl module as the Excel writer.[39;00m
[0;32m---> 57[0m     [38;5;28;01mfrom[39;00m [38;5;21;01mopenpyxl[39;00m[38;5;21;01m.[39;00m[38;5;21;01mworkbook[39;00m [38;5;28;01mimport[39;00m Workbook
[1;32m     59[0m     engine_kwargs [38;5;241m=[39m combine_kwargs(engine_kwargs, kwargs)
[1;32m     61[0m     [38;5;28msuper[39m()[38;5;241m.[39m[38;5;21m__init__[39m(
[1;32m     62[0m         path,
[1;32m     63[0m         mode[38;5;241m=[39mmode,
[0;32m   (...)[0m
[1;32m     66[0m         engine_kwargs[38;5;241m=[39mengine_kwargs,
[1;32m     67[0m     )

[0;31mModuleNotFoundError[0m: No module named 'openpyxl'

