Traceback (most recent call last):
  File "/Library/Frameworks/Python.framework/Versions/3.12/lib/python3.12/site-packages/jupyter_cache/executors/utils.py", line 58, in single_nb_execution
    executenb(
  File "/Library/Frameworks/Python.framework/Versions/3.12/lib/python3.12/site-packages/nbclient/client.py", line 1305, in execute
    return NotebookClient(nb=nb, resources=resources, km=km, **kwargs).execute()
           ^^^^^^^^^^^^^^^^^^^^^^^^^^^^^^^^^^^^^^^^^^^^^^^^^^^^^^^^^^^^^^^^^^^^^
  File "/Library/Frameworks/Python.framework/Versions/3.12/lib/python3.12/site-packages/jupyter_core/utils/__init__.py", line 173, in wrapped
    return loop.run_until_complete(inner)
           ^^^^^^^^^^^^^^^^^^^^^^^^^^^^^^
  File "/Library/Frameworks/Python.framework/Versions/3.12/lib/python3.12/asyncio/base_events.py", line 664, in run_until_complete
    return future.result()
           ^^^^^^^^^^^^^^^
  File "/Library/Frameworks/Python.framework/Versions/3.12/lib/python3.12/site-packages/nbclient/client.py", line 705, in async_execute
    await self.async_execute_cell(
  File "/Library/Frameworks/Python.framework/Versions/3.12/lib/python3.12/site-packages/nbclient/client.py", line 1058, in async_execute_cell
    await self._check_raise_for_error(cell, cell_index, exec_reply)
  File "/Library/Frameworks/Python.framework/Versions/3.12/lib/python3.12/site-packages/nbclient/client.py", line 914, in _check_raise_for_error
    raise CellExecutionError.from_cell_and_msg(cell, exec_reply_content)
nbclient.exceptions.CellExecutionError: An error occurred while executing the following cell:
------------------
interact(make_plot, m = widgets.FloatSlider(description = r'$\beta_1$', min = 0, max = 0.1, step = 0.001),
         b = widgets.FloatSlider(description = r'$\beta_0$', min = 9, max = 11, step = 0.1));
------------------


[0;31m-------------------------------------------------------------------[0m
[0;31mNameError[0m                         Traceback (most recent call last)
Cell [0;32mIn[12], line 1[0m
[0;32m----> 1[0m [43minteract[49m(make_plot, m [38;5;241m=[39m widgets[38;5;241m.[39mFloatSlider(description [38;5;241m=[39m [38;5;124mr[39m[38;5;124m'[39m[38;5;124m$[39m[38;5;124m\[39m[38;5;124mbeta_1$[39m[38;5;124m'[39m, [38;5;28mmin[39m [38;5;241m=[39m [38;5;241m0[39m, [38;5;28mmax[39m [38;5;241m=[39m [38;5;241m0.1[39m, step [38;5;241m=[39m [38;5;241m0.001[39m),
[1;32m      2[0m          b [38;5;241m=[39m widgets[38;5;241m.[39mFloatSlider(description [38;5;241m=[39m [38;5;124mr[39m[38;5;124m'[39m[38;5;124m$[39m[38;5;124m\[39m[38;5;124mbeta_0$[39m[38;5;124m'[39m, [38;5;28mmin[39m [38;5;241m=[39m [38;5;241m9[39m, [38;5;28mmax[39m [38;5;241m=[39m [38;5;241m11[39m, step [38;5;241m=[39m [38;5;241m0.1[39m));

[0;31mNameError[0m: name 'interact' is not defined

