Traceback (most recent call last):
  File "/Library/Frameworks/Python.framework/Versions/3.12/lib/python3.12/site-packages/jupyter_cache/executors/utils.py", line 58, in single_nb_execution
    executenb(
  File "/Library/Frameworks/Python.framework/Versions/3.12/lib/python3.12/site-packages/nbclient/client.py", line 1305, in execute
    return NotebookClient(nb=nb, resources=resources, km=km, **kwargs).execute()
           ^^^^^^^^^^^^^^^^^^^^^^^^^^^^^^^^^^^^^^^^^^^^^^^^^^^^^^^^^^^^^^^^^^^^^
  File "/Library/Frameworks/Python.framework/Versions/3.12/lib/python3.12/site-packages/jupyter_core/utils/__init__.py", line 173, in wrapped
    return loop.run_until_complete(inner)
           ^^^^^^^^^^^^^^^^^^^^^^^^^^^^^^
  File "/Library/Frameworks/Python.framework/Versions/3.12/lib/python3.12/asyncio/base_events.py", line 664, in run_until_complete
    return future.result()
           ^^^^^^^^^^^^^^^
  File "/Library/Frameworks/Python.framework/Versions/3.12/lib/python3.12/site-packages/nbclient/client.py", line 705, in async_execute
    await self.async_execute_cell(
  File "/Library/Frameworks/Python.framework/Versions/3.12/lib/python3.12/site-packages/nbclient/client.py", line 1058, in async_execute_cell
    await self._check_raise_for_error(cell, cell_index, exec_reply)
  File "/Library/Frameworks/Python.framework/Versions/3.12/lib/python3.12/site-packages/nbclient/client.py", line 914, in _check_raise_for_error
    raise CellExecutionError.from_cell_and_msg(cell, exec_reply_content)
nbclient.exceptions.CellExecutionError: An error occurred while executing the following cell:
------------------
rolling_mean = data.Sales.resample('Q').sum().rolling(window=1, center=False).mean()
expanding_mean = data.Sales.resample('Q').sum().expanding().mean()
------------------


[0;31m---------------------------------------------------------------------------[0m
[0;31mNameError[0m                                 Traceback (most recent call last)
Cell [0;32mIn[14], line 1[0m
[0;32m----> 1[0m rolling_mean [38;5;241m=[39m [43mdata[49m[38;5;241m.[39mSales[38;5;241m.[39mresample([38;5;124m'[39m[38;5;124mQ[39m[38;5;124m'[39m)[38;5;241m.[39msum()[38;5;241m.[39mrolling(window[38;5;241m=[39m[38;5;241m1[39m, center[38;5;241m=[39m[38;5;28;01mFalse[39;00m)[38;5;241m.[39mmean()
[1;32m      2[0m expanding_mean [38;5;241m=[39m data[38;5;241m.[39mSales[38;5;241m.[39mresample([38;5;124m'[39m[38;5;124mQ[39m[38;5;124m'[39m)[38;5;241m.[39msum()[38;5;241m.[39mexpanding()[38;5;241m.[39mmean()

[0;31mNameError[0m: name 'data' is not defined

