Traceback (most recent call last):
  File "/Library/Frameworks/Python.framework/Versions/3.12/lib/python3.12/site-packages/jupyter_cache/executors/utils.py", line 58, in single_nb_execution
    executenb(
  File "/Library/Frameworks/Python.framework/Versions/3.12/lib/python3.12/site-packages/nbclient/client.py", line 1305, in execute
    return NotebookClient(nb=nb, resources=resources, km=km, **kwargs).execute()
           ^^^^^^^^^^^^^^^^^^^^^^^^^^^^^^^^^^^^^^^^^^^^^^^^^^^^^^^^^^^^^^^^^^^^^
  File "/Library/Frameworks/Python.framework/Versions/3.12/lib/python3.12/site-packages/jupyter_core/utils/__init__.py", line 173, in wrapped
    return loop.run_until_complete(inner)
           ^^^^^^^^^^^^^^^^^^^^^^^^^^^^^^
  File "/Library/Frameworks/Python.framework/Versions/3.12/lib/python3.12/asyncio/base_events.py", line 664, in run_until_complete
    return future.result()
           ^^^^^^^^^^^^^^^
  File "/Library/Frameworks/Python.framework/Versions/3.12/lib/python3.12/site-packages/nbclient/client.py", line 705, in async_execute
    await self.async_execute_cell(
  File "/Library/Frameworks/Python.framework/Versions/3.12/lib/python3.12/site-packages/nbclient/client.py", line 1058, in async_execute_cell
    await self._check_raise_for_error(cell, cell_index, exec_reply)
  File "/Library/Frameworks/Python.framework/Versions/3.12/lib/python3.12/site-packages/nbclient/client.py", line 914, in _check_raise_for_error
    raise CellExecutionError.from_cell_and_msg(cell, exec_reply_content)
nbclient.exceptions.CellExecutionError: An error occurred while executing the following cell:
------------------
plt.figure(figsize = (20, 5))
sns.heatmap(diabetes.corr(), annot = True, cmap = 'BuPu')
------------------


[0;31m---------------------------------------------------------------------------[0m
[0;31mValueError[0m                                Traceback (most recent call last)
Cell [0;32mIn[31], line 2[0m
[1;32m      1[0m plt[38;5;241m.[39mfigure(figsize [38;5;241m=[39m ([38;5;241m20[39m, [38;5;241m5[39m))
[0;32m----> 2[0m sns[38;5;241m.[39mheatmap([43mdiabetes[49m[38;5;241;43m.[39;49m[43mcorr[49m[43m([49m[43m)[49m, annot [38;5;241m=[39m [38;5;28;01mTrue[39;00m, cmap [38;5;241m=[39m [38;5;124m'[39m[38;5;124mBuPu[39m[38;5;124m'[39m)

File [0;32m/Library/Frameworks/Python.framework/Versions/3.12/lib/python3.12/site-packages/pandas/core/frame.py:11076[0m, in [0;36mDataFrame.corr[0;34m(self, method, min_periods, numeric_only)[0m
[1;32m  11074[0m cols [38;5;241m=[39m data[38;5;241m.[39mcolumns
[1;32m  11075[0m idx [38;5;241m=[39m cols[38;5;241m.[39mcopy()
[0;32m> 11076[0m mat [38;5;241m=[39m [43mdata[49m[38;5;241;43m.[39;49m[43mto_numpy[49m[43m([49m[43mdtype[49m[38;5;241;43m=[39;49m[38;5;28;43mfloat[39;49m[43m,[49m[43m [49m[43mna_value[49m[38;5;241;43m=[39;49m[43mnp[49m[38;5;241;43m.[39;49m[43mnan[49m[43m,[49m[43m [49m[43mcopy[49m[38;5;241;43m=[39;49m[38;5;28;43;01mFalse[39;49;00m[43m)[49m
[1;32m  11078[0m [38;5;28;01mif[39;00m method [38;5;241m==[39m [38;5;124m"[39m[38;5;124mpearson[39m[38;5;124m"[39m:
[1;32m  11079[0m     correl [38;5;241m=[39m libalgos[38;5;241m.[39mnancorr(mat, minp[38;5;241m=[39mmin_periods)

File [0;32m/Library/Frameworks/Python.framework/Versions/3.12/lib/python3.12/site-packages/pandas/core/frame.py:2002[0m, in [0;36mDataFrame.to_numpy[0;34m(self, dtype, copy, na_value)[0m
[1;32m   2000[0m [38;5;28;01mif[39;00m dtype [38;5;129;01mis[39;00m [38;5;129;01mnot[39;00m [38;5;28;01mNone[39;00m:
[1;32m   2001[0m     dtype [38;5;241m=[39m np[38;5;241m.[39mdtype(dtype)
[0;32m-> 2002[0m result [38;5;241m=[39m [38;5;28;43mself[39;49m[38;5;241;43m.[39;49m[43m_mgr[49m[38;5;241;43m.[39;49m[43mas_array[49m[43m([49m[43mdtype[49m[38;5;241;43m=[39;49m[43mdtype[49m[43m,[49m[43m [49m[43mcopy[49m[38;5;241;43m=[39;49m[43mcopy[49m[43m,[49m[43m [49m[43mna_value[49m[38;5;241;43m=[39;49m[43mna_value[49m[43m)[49m
[1;32m   2003[0m [38;5;28;01mif[39;00m result[38;5;241m.[39mdtype [38;5;129;01mis[39;00m [38;5;129;01mnot[39;00m dtype:
[1;32m   2004[0m     result [38;5;241m=[39m np[38;5;241m.[39masarray(result, dtype[38;5;241m=[39mdtype)

File [0;32m/Library/Frameworks/Python.framework/Versions/3.12/lib/python3.12/site-packages/pandas/core/internals/managers.py:1713[0m, in [0;36mBlockManager.as_array[0;34m(self, dtype, copy, na_value)[0m
[1;32m   1711[0m         arr[38;5;241m.[39mflags[38;5;241m.[39mwriteable [38;5;241m=[39m [38;5;28;01mFalse[39;00m
[1;32m   1712[0m [38;5;28;01melse[39;00m:
[0;32m-> 1713[0m     arr [38;5;241m=[39m [38;5;28;43mself[39;49m[38;5;241;43m.[39;49m[43m_interleave[49m[43m([49m[43mdtype[49m[38;5;241;43m=[39;49m[43mdtype[49m[43m,[49m[43m [49m[43mna_value[49m[38;5;241;43m=[39;49m[43mna_value[49m[43m)[49m
[1;32m   1714[0m     [38;5;66;03m# The underlying data was copied within _interleave, so no need[39;00m
[1;32m   1715[0m     [38;5;66;03m# to further copy if copy=True or setting na_value[39;00m
[1;32m   1717[0m [38;5;28;01mif[39;00m na_value [38;5;129;01mis[39;00m lib[38;5;241m.[39mno_default:

File [0;32m/Library/Frameworks/Python.framework/Versions/3.12/lib/python3.12/site-packages/pandas/core/internals/managers.py:1766[0m, in [0;36mBlockManager._interleave[0;34m(self, dtype, na_value)[0m
[1;32m   1760[0m rl [38;5;241m=[39m blk[38;5;241m.[39mmgr_locs
[1;32m   1761[0m [38;5;28;01mif[39;00m blk[38;5;241m.[39mis_extension:
[1;32m   1762[0m     [38;5;66;03m# Avoid implicit conversion of extension blocks to object[39;00m
[1;32m   1763[0m 
[1;32m   1764[0m     [38;5;66;03m# error: Item "ndarray" of "Union[ndarray, ExtensionArray]" has no[39;00m
[1;32m   1765[0m     [38;5;66;03m# attribute "to_numpy"[39;00m
[0;32m-> 1766[0m     arr [38;5;241m=[39m [43mblk[49m[38;5;241;43m.[39;49m[43mvalues[49m[38;5;241;43m.[39;49m[43mto_numpy[49m[43m([49m[43m  [49m[38;5;66;43;03m# type: ignore[union-attr][39;49;00m
[1;32m   1767[0m [43m        [49m[43mdtype[49m[38;5;241;43m=[39;49m[43mdtype[49m[43m,[49m
[1;32m   1768[0m [43m        [49m[43mna_value[49m[38;5;241;43m=[39;49m[43mna_value[49m[43m,[49m
[1;32m   1769[0m [43m    [49m[43m)[49m
[1;32m   1770[0m [38;5;28;01melse[39;00m:
[1;32m   1771[0m     arr [38;5;241m=[39m blk[38;5;241m.[39mget_values(dtype)

File [0;32m/Library/Frameworks/Python.framework/Versions/3.12/lib/python3.12/site-packages/pandas/core/arrays/base.py:568[0m, in [0;36mExtensionArray.to_numpy[0;34m(self, dtype, copy, na_value)[0m
[1;32m    539[0m [38;5;28;01mdef[39;00m [38;5;21mto_numpy[39m(
[1;32m    540[0m     [38;5;28mself[39m,
[1;32m    541[0m     dtype: npt[38;5;241m.[39mDTypeLike [38;5;241m|[39m [38;5;28;01mNone[39;00m [38;5;241m=[39m [38;5;28;01mNone[39;00m,
[1;32m    542[0m     copy: [38;5;28mbool[39m [38;5;241m=[39m [38;5;28;01mFalse[39;00m,
[1;32m    543[0m     na_value: [38;5;28mobject[39m [38;5;241m=[39m lib[38;5;241m.[39mno_default,
[1;32m    544[0m ) [38;5;241m-[39m[38;5;241m>[39m np[38;5;241m.[39mndarray:
[1;32m    545[0m [38;5;250m    [39m[38;5;124;03m"""[39;00m
[1;32m    546[0m [38;5;124;03m    Convert to a NumPy ndarray.[39;00m
[1;32m    547[0m 
[0;32m   (...)[0m
[1;32m    566[0m [38;5;124;03m    numpy.ndarray[39;00m
[1;32m    567[0m [38;5;124;03m    """[39;00m
[0;32m--> 568[0m     result [38;5;241m=[39m [43mnp[49m[38;5;241;43m.[39;49m[43masarray[49m[43m([49m[38;5;28;43mself[39;49m[43m,[49m[43m [49m[43mdtype[49m[38;5;241;43m=[39;49m[43mdtype[49m[43m)[49m
[1;32m    569[0m     [38;5;28;01mif[39;00m copy [38;5;129;01mor[39;00m na_value [38;5;129;01mis[39;00m [38;5;129;01mnot[39;00m lib[38;5;241m.[39mno_default:
[1;32m    570[0m         result [38;5;241m=[39m result[38;5;241m.[39mcopy()

File [0;32m/Library/Frameworks/Python.framework/Versions/3.12/lib/python3.12/site-packages/pandas/core/arrays/_mixins.py:81[0m, in [0;36mravel_compat.<locals>.method[0;34m(self, *args, **kwargs)[0m
[1;32m     78[0m [38;5;129m@wraps[39m(meth)
[1;32m     79[0m [38;5;28;01mdef[39;00m [38;5;21mmethod[39m([38;5;28mself[39m, [38;5;241m*[39margs, [38;5;241m*[39m[38;5;241m*[39mkwargs):
[1;32m     80[0m     [38;5;28;01mif[39;00m [38;5;28mself[39m[38;5;241m.[39mndim [38;5;241m==[39m [38;5;241m1[39m:
[0;32m---> 81[0m         [38;5;28;01mreturn[39;00m [43mmeth[49m[43m([49m[38;5;28;43mself[39;49m[43m,[49m[43m [49m[38;5;241;43m*[39;49m[43margs[49m[43m,[49m[43m [49m[38;5;241;43m*[39;49m[38;5;241;43m*[39;49m[43mkwargs[49m[43m)[49m
[1;32m     83[0m     flags [38;5;241m=[39m [38;5;28mself[39m[38;5;241m.[39m_ndarray[38;5;241m.[39mflags
[1;32m     84[0m     flat [38;5;241m=[39m [38;5;28mself[39m[38;5;241m.[39mravel([38;5;124m"[39m[38;5;124mK[39m[38;5;124m"[39m)

File [0;32m/Library/Frameworks/Python.framework/Versions/3.12/lib/python3.12/site-packages/pandas/core/arrays/categorical.py:1692[0m, in [0;36mCategorical.__array__[0;34m(self, dtype, copy)[0m
[1;32m   1686[0m ret [38;5;241m=[39m take_nd([38;5;28mself[39m[38;5;241m.[39mcategories[38;5;241m.[39m_values, [38;5;28mself[39m[38;5;241m.[39m_codes)
[1;32m   1687[0m [38;5;66;03m# When we're a Categorical[ExtensionArray], like Interval,[39;00m
[1;32m   1688[0m [38;5;66;03m# we need to ensure __array__ gets all the way to an[39;00m
[1;32m   1689[0m [38;5;66;03m# ndarray.[39;00m
[1;32m   1690[0m 
[1;32m   1691[0m [38;5;66;03m# `take_nd` should already make a copy, so don't force again.[39;00m
[0;32m-> 1692[0m [38;5;28;01mreturn[39;00m [43mnp[49m[38;5;241;43m.[39;49m[43masarray[49m[43m([49m[43mret[49m[43m,[49m[43m [49m[43mdtype[49m[38;5;241;43m=[39;49m[43mdtype[49m[43m)[49m

[0;31mValueError[0m: could not convert string to float: 'tested_positive'

