Traceback (most recent call last):
  File "/Library/Frameworks/Python.framework/Versions/3.12/lib/python3.12/site-packages/jupyter_cache/executors/utils.py", line 58, in single_nb_execution
    executenb(
  File "/Library/Frameworks/Python.framework/Versions/3.12/lib/python3.12/site-packages/nbclient/client.py", line 1305, in execute
    return NotebookClient(nb=nb, resources=resources, km=km, **kwargs).execute()
           ^^^^^^^^^^^^^^^^^^^^^^^^^^^^^^^^^^^^^^^^^^^^^^^^^^^^^^^^^^^^^^^^^^^^^
  File "/Library/Frameworks/Python.framework/Versions/3.12/lib/python3.12/site-packages/jupyter_core/utils/__init__.py", line 173, in wrapped
    return loop.run_until_complete(inner)
           ^^^^^^^^^^^^^^^^^^^^^^^^^^^^^^
  File "/Library/Frameworks/Python.framework/Versions/3.12/lib/python3.12/asyncio/base_events.py", line 664, in run_until_complete
    return future.result()
           ^^^^^^^^^^^^^^^
  File "/Library/Frameworks/Python.framework/Versions/3.12/lib/python3.12/site-packages/nbclient/client.py", line 705, in async_execute
    await self.async_execute_cell(
  File "/Library/Frameworks/Python.framework/Versions/3.12/lib/python3.12/site-packages/nbclient/client.py", line 1058, in async_execute_cell
    await self._check_raise_for_error(cell, cell_index, exec_reply)
  File "/Library/Frameworks/Python.framework/Versions/3.12/lib/python3.12/site-packages/nbclient/client.py", line 914, in _check_raise_for_error
    raise CellExecutionError.from_cell_and_msg(cell, exec_reply_content)
nbclient.exceptions.CellExecutionError: An error occurred while executing the following cell:
------------------
# create a train and test split
y = cars['hp']
X_train, X_test, y_train, y_test = train_test_split(XT, y)
------------------


[0;31m-----------------------------------------------------------------[0m
[0;31mValueError[0m                      Traceback (most recent call last)
Cell [0;32mIn[32], line 3[0m
[1;32m      1[0m [38;5;66;03m# create a train and test split[39;00m
[1;32m      2[0m y [38;5;241m=[39m cars[[38;5;124m'[39m[38;5;124mhp[39m[38;5;124m'[39m]
[0;32m----> 3[0m X_train, X_test, y_train, y_test [38;5;241m=[39m [43mtrain_test_split[49m[43m([49m[43mXT[49m[43m,[49m[43m [49m[43my[49m[43m)[49m

File [0;32m/Library/Frameworks/Python.framework/Versions/3.12/lib/python3.12/site-packages/sklearn/utils/_param_validation.py:213[0m, in [0;36mvalidate_params.<locals>.decorator.<locals>.wrapper[0;34m(*args, **kwargs)[0m
[1;32m    207[0m [38;5;28;01mtry[39;00m:
[1;32m    208[0m     [38;5;28;01mwith[39;00m config_context(
[1;32m    209[0m         skip_parameter_validation[38;5;241m=[39m(
[1;32m    210[0m             prefer_skip_nested_validation [38;5;129;01mor[39;00m global_skip_validation
[1;32m    211[0m         )
[1;32m    212[0m     ):
[0;32m--> 213[0m         [38;5;28;01mreturn[39;00m [43mfunc[49m[43m([49m[38;5;241;43m*[39;49m[43margs[49m[43m,[49m[43m [49m[38;5;241;43m*[39;49m[38;5;241;43m*[39;49m[43mkwargs[49m[43m)[49m
[1;32m    214[0m [38;5;28;01mexcept[39;00m InvalidParameterError [38;5;28;01mas[39;00m e:
[1;32m    215[0m     [38;5;66;03m# When the function is just a wrapper around an estimator, we allow[39;00m
[1;32m    216[0m     [38;5;66;03m# the function to delegate validation to the estimator, but we replace[39;00m
[1;32m    217[0m     [38;5;66;03m# the name of the estimator by the name of the function in the error[39;00m
[1;32m    218[0m     [38;5;66;03m# message to avoid confusion.[39;00m
[1;32m    219[0m     msg [38;5;241m=[39m re[38;5;241m.[39msub(
[1;32m    220[0m         [38;5;124mr[39m[38;5;124m"[39m[38;5;124mparameter of [39m[38;5;124m\[39m[38;5;124mw+ must be[39m[38;5;124m"[39m,
[1;32m    221[0m         [38;5;124mf[39m[38;5;124m"[39m[38;5;124mparameter of [39m[38;5;132;01m{[39;00mfunc[38;5;241m.[39m[38;5;18m__qualname__[39m[38;5;132;01m}[39;00m[38;5;124m must be[39m[38;5;124m"[39m,
[1;32m    222[0m         [38;5;28mstr[39m(e),
[1;32m    223[0m     )

File [0;32m/Library/Frameworks/Python.framework/Versions/3.12/lib/python3.12/site-packages/sklearn/model_selection/_split.py:2782[0m, in [0;36mtrain_test_split[0;34m(test_size, train_size, random_state, shuffle, stratify, *arrays)[0m
[1;32m   2779[0m [38;5;28;01mif[39;00m n_arrays [38;5;241m==[39m [38;5;241m0[39m:
[1;32m   2780[0m     [38;5;28;01mraise[39;00m [38;5;167;01mValueError[39;00m([38;5;124m"[39m[38;5;124mAt least one array required as input[39m[38;5;124m"[39m)
[0;32m-> 2782[0m arrays [38;5;241m=[39m [43mindexable[49m[43m([49m[38;5;241;43m*[39;49m[43marrays[49m[43m)[49m
[1;32m   2784[0m n_samples [38;5;241m=[39m _num_samples(arrays[[38;5;241m0[39m])
[1;32m   2785[0m n_train, n_test [38;5;241m=[39m _validate_shuffle_split(
[1;32m   2786[0m     n_samples, test_size, train_size, default_test_size[38;5;241m=[39m[38;5;241m0.25[39m
[1;32m   2787[0m )

File [0;32m/Library/Frameworks/Python.framework/Versions/3.12/lib/python3.12/site-packages/sklearn/utils/validation.py:514[0m, in [0;36mindexable[0;34m(*iterables)[0m
[1;32m    484[0m [38;5;250m[39m[38;5;124;03m"""Make arrays indexable for cross-validation.[39;00m
[1;32m    485[0m 
[1;32m    486[0m [38;5;124;03mChecks consistent length, passes through None, and ensures that everything[39;00m
[0;32m   (...)[0m
[1;32m    510[0m [38;5;124;03m[[1, 2, 3], array([2, 3, 4]), None, <...Sparse...dtype 'int64'...shape (3, 1)>][39;00m
[1;32m    511[0m [38;5;124;03m"""[39;00m
[1;32m    513[0m result [38;5;241m=[39m [_make_indexable(X) [38;5;28;01mfor[39;00m X [38;5;129;01min[39;00m iterables]
[0;32m--> 514[0m [43mcheck_consistent_length[49m[43m([49m[38;5;241;43m*[39;49m[43mresult[49m[43m)[49m
[1;32m    515[0m [38;5;28;01mreturn[39;00m result

File [0;32m/Library/Frameworks/Python.framework/Versions/3.12/lib/python3.12/site-packages/sklearn/utils/validation.py:457[0m, in [0;36mcheck_consistent_length[0;34m(*arrays)[0m
[1;32m    455[0m uniques [38;5;241m=[39m np[38;5;241m.[39munique(lengths)
[1;32m    456[0m [38;5;28;01mif[39;00m [38;5;28mlen[39m(uniques) [38;5;241m>[39m [38;5;241m1[39m:
[0;32m--> 457[0m     [38;5;28;01mraise[39;00m [38;5;167;01mValueError[39;00m(
[1;32m    458[0m         [38;5;124m"[39m[38;5;124mFound input variables with inconsistent numbers of samples: [39m[38;5;132;01m%r[39;00m[38;5;124m"[39m
[1;32m    459[0m         [38;5;241m%[39m [[38;5;28mint[39m(l) [38;5;28;01mfor[39;00m l [38;5;129;01min[39;00m lengths]
[1;32m    460[0m     )

[0;31mValueError[0m: Found input variables with inconsistent numbers of samples: [0, 32]

