Traceback (most recent call last):
  File "/Library/Frameworks/Python.framework/Versions/3.12/lib/python3.12/site-packages/jupyter_cache/executors/utils.py", line 58, in single_nb_execution
    executenb(
  File "/Library/Frameworks/Python.framework/Versions/3.12/lib/python3.12/site-packages/nbclient/client.py", line 1305, in execute
    return NotebookClient(nb=nb, resources=resources, km=km, **kwargs).execute()
           ^^^^^^^^^^^^^^^^^^^^^^^^^^^^^^^^^^^^^^^^^^^^^^^^^^^^^^^^^^^^^^^^^^^^^
  File "/Library/Frameworks/Python.framework/Versions/3.12/lib/python3.12/site-packages/jupyter_core/utils/__init__.py", line 173, in wrapped
    return loop.run_until_complete(inner)
           ^^^^^^^^^^^^^^^^^^^^^^^^^^^^^^
  File "/Library/Frameworks/Python.framework/Versions/3.12/lib/python3.12/asyncio/base_events.py", line 664, in run_until_complete
    return future.result()
           ^^^^^^^^^^^^^^^
  File "/Library/Frameworks/Python.framework/Versions/3.12/lib/python3.12/site-packages/nbclient/client.py", line 705, in async_execute
    await self.async_execute_cell(
  File "/Library/Frameworks/Python.framework/Versions/3.12/lib/python3.12/site-packages/nbclient/client.py", line 1058, in async_execute_cell
    await self._check_raise_for_error(cell, cell_index, exec_reply)
  File "/Library/Frameworks/Python.framework/Versions/3.12/lib/python3.12/site-packages/nbclient/client.py", line 914, in _check_raise_for_error
    raise CellExecutionError.from_cell_and_msg(cell, exec_reply_content)
nbclient.exceptions.CellExecutionError: An error occurred while executing the following cell:
------------------
fig, ax = plt.subplots(1, 2, figsize = (20, 10))
sns.residplot(x = x, y = y, ax = ax[0], lowess=True)
ax[0].set_title('Scatterplot of Residuals')
sns.kdeplot((y - (model.intercept_ + model.coef_[0]*x.values[:, 0])), ax = ax[1], fill = True);
ax[1].grid()
ax[1].set_title('Distribution of residuals');
------------------


[0;31m------------------------------------------------------------[0m
[0;31mIndexError[0m                 Traceback (most recent call last)
Cell [0;32mIn[45], line 4[0m
[1;32m      2[0m sns[38;5;241m.[39mresidplot(x [38;5;241m=[39m x, y [38;5;241m=[39m y, ax [38;5;241m=[39m ax[[38;5;241m0[39m], lowess[38;5;241m=[39m[38;5;28;01mTrue[39;00m)
[1;32m      3[0m ax[[38;5;241m0[39m][38;5;241m.[39mset_title([38;5;124m'[39m[38;5;124mScatterplot of Residuals[39m[38;5;124m'[39m)
[0;32m----> 4[0m sns[38;5;241m.[39mkdeplot((y [38;5;241m-[39m (model[38;5;241m.[39mintercept_ [38;5;241m+[39m [43mmodel[49m[38;5;241;43m.[39;49m[43mcoef_[49m[43m[[49m[38;5;241;43m0[39;49m[43m][49m[38;5;241m*[39mx[38;5;241m.[39mvalues[:, [38;5;241m0[39m])), ax [38;5;241m=[39m ax[[38;5;241m1[39m], fill [38;5;241m=[39m [38;5;28;01mTrue[39;00m);
[1;32m      5[0m ax[[38;5;241m1[39m][38;5;241m.[39mgrid()
[1;32m      6[0m ax[[38;5;241m1[39m][38;5;241m.[39mset_title([38;5;124m'[39m[38;5;124mDistribution of residuals[39m[38;5;124m'[39m);

[0;31mIndexError[0m: invalid index to scalar variable.

