Traceback (most recent call last):
  File "/Library/Frameworks/Python.framework/Versions/3.12/lib/python3.12/site-packages/jupyter_cache/executors/utils.py", line 58, in single_nb_execution
    executenb(
  File "/Library/Frameworks/Python.framework/Versions/3.12/lib/python3.12/site-packages/nbclient/client.py", line 1305, in execute
    return NotebookClient(nb=nb, resources=resources, km=km, **kwargs).execute()
           ^^^^^^^^^^^^^^^^^^^^^^^^^^^^^^^^^^^^^^^^^^^^^^^^^^^^^^^^^^^^^^^^^^^^^
  File "/Library/Frameworks/Python.framework/Versions/3.12/lib/python3.12/site-packages/jupyter_core/utils/__init__.py", line 173, in wrapped
    return loop.run_until_complete(inner)
           ^^^^^^^^^^^^^^^^^^^^^^^^^^^^^^
  File "/Library/Frameworks/Python.framework/Versions/3.12/lib/python3.12/asyncio/base_events.py", line 664, in run_until_complete
    return future.result()
           ^^^^^^^^^^^^^^^
  File "/Library/Frameworks/Python.framework/Versions/3.12/lib/python3.12/site-packages/nbclient/client.py", line 705, in async_execute
    await self.async_execute_cell(
  File "/Library/Frameworks/Python.framework/Versions/3.12/lib/python3.12/site-packages/nbclient/client.py", line 1058, in async_execute_cell
    await self._check_raise_for_error(cell, cell_index, exec_reply)
  File "/Library/Frameworks/Python.framework/Versions/3.12/lib/python3.12/site-packages/nbclient/client.py", line 914, in _check_raise_for_error
    raise CellExecutionError.from_cell_and_msg(cell, exec_reply_content)
nbclient.exceptions.CellExecutionError: An error occurred while executing the following cell:
------------------
model.fit(X)
------------------


[0;31m---------------------------------------------------------------------------[0m
[0;31mValueError[0m                                Traceback (most recent call last)
Cell [0;32mIn[20], line 1[0m
[0;32m----> 1[0m [43mmodel[49m[38;5;241;43m.[39;49m[43mfit[49m[43m([49m[43mX[49m[43m)[49m

File [0;32m/Library/Frameworks/Python.framework/Versions/3.12/lib/python3.12/site-packages/hmmlearn/base.py:475[0m, in [0;36m_AbstractHMM.fit[0;34m(self, X, lengths)[0m
[1;32m    453[0m [38;5;28;01mdef[39;00m [38;5;21mfit[39m([38;5;28mself[39m, X, lengths[38;5;241m=[39m[38;5;28;01mNone[39;00m):
[1;32m    454[0m [38;5;250m    [39m[38;5;124;03m"""[39;00m
[1;32m    455[0m [38;5;124;03m    Estimate model parameters.[39;00m
[1;32m    456[0m 
[0;32m   (...)[0m
[1;32m    473[0m [38;5;124;03m        Returns self.[39;00m
[1;32m    474[0m [38;5;124;03m    """[39;00m
[0;32m--> 475[0m     X [38;5;241m=[39m [43mcheck_array[49m[43m([49m[43mX[49m[43m)[49m
[1;32m    477[0m     [38;5;28;01mif[39;00m lengths [38;5;129;01mis[39;00m [38;5;28;01mNone[39;00m:
[1;32m    478[0m         lengths [38;5;241m=[39m np[38;5;241m.[39masarray([X[38;5;241m.[39mshape[[38;5;241m0[39m]])

File [0;32m/Library/Frameworks/Python.framework/Versions/3.12/lib/python3.12/site-packages/sklearn/utils/validation.py:1087[0m, in [0;36mcheck_array[0;34m(array, accept_sparse, accept_large_sparse, dtype, order, copy, force_writeable, force_all_finite, ensure_2d, allow_nd, ensure_min_samples, ensure_min_features, estimator, input_name)[0m
[1;32m   1085[0m     n_samples [38;5;241m=[39m _num_samples(array)
[1;32m   1086[0m     [38;5;28;01mif[39;00m n_samples [38;5;241m<[39m ensure_min_samples:
[0;32m-> 1087[0m         [38;5;28;01mraise[39;00m [38;5;167;01mValueError[39;00m(
[1;32m   1088[0m             [38;5;124m"[39m[38;5;124mFound array with [39m[38;5;132;01m%d[39;00m[38;5;124m sample(s) (shape=[39m[38;5;132;01m%s[39;00m[38;5;124m) while a[39m[38;5;124m"[39m
[1;32m   1089[0m             [38;5;124m"[39m[38;5;124m minimum of [39m[38;5;132;01m%d[39;00m[38;5;124m is required[39m[38;5;132;01m%s[39;00m[38;5;124m.[39m[38;5;124m"[39m
[1;32m   1090[0m             [38;5;241m%[39m (n_samples, array[38;5;241m.[39mshape, ensure_min_samples, context)
[1;32m   1091[0m         )
[1;32m   1093[0m [38;5;28;01mif[39;00m ensure_min_features [38;5;241m>[39m [38;5;241m0[39m [38;5;129;01mand[39;00m array[38;5;241m.[39mndim [38;5;241m==[39m [38;5;241m2[39m:
[1;32m   1094[0m     n_features [38;5;241m=[39m array[38;5;241m.[39mshape[[38;5;241m1[39m]

[0;31mValueError[0m: Found array with 0 sample(s) (shape=(0, 1)) while a minimum of 1 is required.

